[debug] [2021-11-13T06:44:31.790Z] ----------------------------------------------------------------------
[debug] [2021-11-13T06:44:31.794Z] Command:       C:\Program Files\nodejs\node.exe C:\Program Files\nodejs\node_modules\firebase-tools\lib\bin\firebase.js init
[debug] [2021-11-13T06:44:31.795Z] CLI Version:   9.22.0
[debug] [2021-11-13T06:44:31.795Z] Platform:      win32
[debug] [2021-11-13T06:44:31.795Z] Node Version:  v14.16.0
[debug] [2021-11-13T06:44:31.797Z] Time:          Sat Nov 13 2021 07:44:31 GMT+0100 (West Africa Standard Time)
[debug] [2021-11-13T06:44:31.797Z] ----------------------------------------------------------------------
[debug] 
[debug] [2021-11-13T06:44:31.802Z] >>> [apiv2][query] GET https://firebase-public.firebaseio.com/cli.json [none]
[debug] [2021-11-13T06:44:31.950Z] > command requires scopes: ["email","openid","https://www.googleapis.com/auth/cloudplatformprojects.readonly","https://www.googleapis.com/auth/firebase","https://www.googleapis.com/auth/cloud-platform"]
[debug] [2021-11-13T06:44:31.950Z] > authorizing via signed-in user (jtimothy418@gmail.com)
[info] 
     ######## #### ########  ######## ########     ###     ######  ########
     ##        ##  ##     ## ##       ##     ##  ##   ##  ##       ##
     ######    ##  ########  ######   ########  #########  ######  ######
     ##        ##  ##    ##  ##       ##     ## ##     ##       ## ##
     ##       #### ##     ## ######## ########  ##     ##  ######  ########

You're about to initialize a Firebase project in this directory:

  E:\Software Engineering\project\angular\pencil

Before we get started, keep in mind:

  * You are initializing within an existing Firebase project directory

[debug] [2021-11-13T06:44:33.240Z] <<< [apiv2][status] GET https://firebase-public.firebaseio.com/cli.json 200
[debug] [2021-11-13T06:44:33.241Z] <<< [apiv2][body] GET https://firebase-public.firebaseio.com/cli.json {"cloudBuildErrorAfter":1594252800000,"cloudBuildWarnAfter":1590019200000,"defaultNode10After":1594252800000,"minVersion":"3.0.5","node8DeploysDisabledAfter":1613390400000,"node8RuntimeDisabledAfter":1615809600000,"node8WarnAfter":1600128000000}
[info] 
=== Project Setup
[info] 
[info] First, let's associate this project directory with a Firebase project.
[info] You can create multiple project aliases by running firebase use --add, 
[info] but for now we'll just set up a default project.
[info] 
